<?xml version="1.0" encoding="UTF-8"?>
<testsuite name="com.study.administration.administration.FilterControllerTests" tests="1" skipped="0" failures="0" errors="0" timestamp="2022-02-25T12:00:32" hostname="Jakub-MBP.home" time="0.021">
  <properties/>
  <testcase name="PagingOk()" classname="com.study.administration.administration.FilterControllerTests" time="0.021"/>
  <system-out><![CDATA[]]></system-out>
  <system-err><![CDATA[]]></system-err>
</testsuite>
